# JRE version: Java(TM) SE Runtime Environment (17.0.15+9) (build 17.0.15+9-LTS-241)
# Java VM: Java HotSpot(TM) 64-Bit Server VM (17.0.15+9-LTS-241, mixed mode, emulated-client, sharing, tiered, compressed oops, compressed class ptrs, g1 gc, windows-amd64)
GC Precious Log:
 CPUs: 12 total, 12 available
 Memory: 15556M
 Large Page Support: Disabled
 NUMA Support: Disabled
 Compressed Oops: Enabled (Zero based)
 Heap Region Size: 2M
 Heap Min Capacity: 8M
 Heap Initial Capacity: 244M
 Heap Max Capacity: 3890M
 Pre-touch: Disabled
 Parallel Workers: 10
 Concurrent Workers: 3
 Concurrent Refinement Workers: 10
 Periodic GC: Disabled
Heap:
 garbage-first heap   total 49152K, used 20817K [0x000000070ce00000, 0x0000000800000000)
  region size 2048K, 2 young (4096K), 2 survivors (4096K)
 Metaspace       used 39752K, committed 40192K, reserved 1114112K
  class space    used 5382K, committed 5568K, reserved 1048576K
GC Heap History (19 events):
Event: 0.742 GC heap before
{Heap before GC invocations=0 (full 0):
 garbage-first heap   total 249856K, used 22528K [0x000000070ce00000, 0x0000000800000000)
  region size 2048K, 11 young (22528K), 0 survivors (0K)
 Metaspace       used 7354K, committed 7552K, reserved 1114112K
  class space    used 924K, committed 1024K, reserved 1048576K
}
Event: 0.746 GC heap after
{Heap after GC invocations=1 (full 0):
 garbage-first heap   total 249856K, used 5968K [0x000000070ce00000, 0x0000000800000000)
  region size 2048K, 2 young (4096K), 2 survivors (4096K)
 Metaspace       used 7354K, committed 7552K, reserved 1114112K
  class space    used 924K, committed 1024K, reserved 1048576K
}
Event: 1.046 GC heap before
{Heap before GC invocations=1 (full 0):
 garbage-first heap   total 249856K, used 28496K [0x000000070ce00000, 0x0000000800000000)
  region size 2048K, 14 young (28672K), 2 survivors (4096K)
 Metaspace       used 12987K, committed 13248K, reserved 1114112K
  class space    used 1747K, committed 1856K, reserved 1048576K
}
Event: 1.050 GC heap after
{Heap after GC invocations=2 (full 0):
 garbage-first heap   total 249856K, used 8071K [0x000000070ce00000, 0x0000000800000000)
  region size 2048K, 1 young (2048K), 1 survivors (2048K)
 Metaspace       used 12987K, committed 13248K, reserved 1114112K
  class space    used 1747K, committed 1856K, reserved 1048576K
}
Event: 1.696 GC heap before
{Heap before GC invocations=2 (full 0):
 garbage-first heap   total 249856K, used 59271K [0x000000070ce00000, 0x0000000800000000)
  region size 2048K, 27 young (55296K), 1 survivors (2048K)
 Metaspace       used 21218K, committed 21504K, reserved 1114112K
  class space    used 2860K, committed 3008K, reserved 1048576K
}
Event: 1.700 GC heap after
{Heap after GC invocations=3 (full 0):
 garbage-first heap   total 249856K, used 11409K [0x000000070ce00000, 0x0000000800000000)
  region size 2048K, 3 young (6144K), 3 survivors (6144K)
 Metaspace       used 21218K, committed 21504K, reserved 1114112K
  class space    used 2860K, committed 3008K, reserved 1048576K
}
Event: 2.020 GC heap before
{Heap before GC invocations=4 (full 0):
 garbage-first heap   total 49152K, used 33937K [0x000000070ce00000, 0x0000000800000000)
  region size 2048K, 15 young (30720K), 3 survivors (6144K)
 Metaspace       used 24826K, committed 25216K, reserved 1114112K
  class space    used 3389K, committed 3584K, reserved 1048576K
}
Event: 2.027 GC heap after
{Heap after GC invocations=5 (full 0):
 garbage-first heap   total 49152K, used 13645K [0x000000070ce00000, 0x0000000800000000)
  region size 2048K, 4 young (8192K), 4 survivors (8192K)
 Metaspace       used 24826K, committed 25216K, reserved 1114112K
  class space    used 3389K, committed 3584K, reserved 1048576K
}
Event: 2.287 GC heap before
{Heap before GC invocations=5 (full 0):
 garbage-first heap   total 49152K, used 32077K [0x000000070ce00000, 0x0000000800000000)
  region size 2048K, 13 young (26624K), 4 survivors (8192K)
 Metaspace       used 27184K, committed 27520K, reserved 1114112K
  class space    used 3698K, committed 3840K, reserved 1048576K
}
Event: 2.292 GC heap after
{Heap after GC invocations=6 (full 0):
 garbage-first heap   total 49152K, used 15079K [0x000000070ce00000, 0x0000000800000000)
  region size 2048K, 1 young (2048K), 1 survivors (2048K)
 Metaspace       used 27184K, committed 27520K, reserved 1114112K
  class space    used 3698K, committed 3840K, reserved 1048576K
}
Event: 2.609 GC heap before
{Heap before GC invocations=6 (full 0):
 garbage-first heap   total 49152K, used 33511K [0x000000070ce00000, 0x0000000800000000)
  region size 2048K, 10 young (20480K), 1 survivors (2048K)
 Metaspace       used 32774K, committed 33152K, reserved 1114112K
  class space    used 4392K, committed 4544K, reserved 1048576K
}
Event: 2.611 GC heap after
{Heap after GC invocations=7 (full 0):
 garbage-first heap   total 49152K, used 16653K [0x000000070ce00000, 0x0000000800000000)
  region size 2048K, 2 young (4096K), 2 survivors (4096K)
 Metaspace       used 32774K, committed 33152K, reserved 1114112K
  class space    used 4392K, committed 4544K, reserved 1048576K
}
Event: 2.830 GC heap before
{Heap before GC invocations=7 (full 0):
 garbage-first heap   total 49152K, used 33037K [0x000000070ce00000, 0x0000000800000000)
  region size 2048K, 10 young (20480K), 2 survivors (4096K)
 Metaspace       used 35605K, committed 35968K, reserved 1114112K
  class space    used 4771K, committed 4928K, reserved 1048576K
}
Event: 2.832 GC heap after
{Heap after GC invocations=8 (full 0):
 garbage-first heap   total 49152K, used 18570K [0x000000070ce00000, 0x0000000800000000)
  region size 2048K, 2 young (4096K), 2 survivors (4096K)
 Metaspace       used 35605K, committed 35968K, reserved 1114112K
  class space    used 4771K, committed 4928K, reserved 1048576K
}
Event: 2.838 GC heap before
{Heap before GC invocations=8 (full 0):
 garbage-first heap   total 49152K, used 18570K [0x000000070ce00000, 0x0000000800000000)
  region size 2048K, 3 young (6144K), 2 survivors (4096K)
 Metaspace       used 35644K, committed 35968K, reserved 1114112K
  class space    used 4780K, committed 4928K, reserved 1048576K
}
Event: 2.840 GC heap after
{Heap after GC invocations=9 (full 0):
 garbage-first heap   total 49152K, used 18640K [0x000000070ce00000, 0x0000000800000000)
  region size 2048K, 2 young (4096K), 2 survivors (4096K)
 Metaspace       used 35644K, committed 35968K, reserved 1114112K
  class space    used 4780K, committed 4928K, reserved 1048576K
}
Event: 3.001 GC heap before
{Heap before GC invocations=10 (full 0):
 garbage-first heap   total 49152K, used 32976K [0x000000070ce00000, 0x0000000800000000)
  region size 2048K, 9 young (18432K), 2 survivors (4096K)
 Metaspace       used 37391K, committed 37760K, reserved 1114112K
  class space    used 5035K, committed 5184K, reserved 1048576K
}
Event: 3.003 GC heap after
{Heap after GC invocations=11 (full 0):
 garbage-first heap   total 49152K, used 20174K [0x000000070ce00000, 0x0000000800000000)
  region size 2048K, 2 young (4096K), 2 survivors (4096K)
 Metaspace       used 37391K, committed 37760K, reserved 1114112K
  class space    used 5035K, committed 5184K, reserved 1048576K
}
Event: 20.909 GC heap before
{Heap before GC invocations=11 (full 0):
 garbage-first heap   total 49152K, used 32462K [0x000000070ce00000, 0x0000000800000000)
  region size 2048K, 9 young (18432K), 2 survivors (4096K)
 Metaspace       used 39752K, committed 40192K, reserved 1114112K
  class space    used 5382K, committed 5568K, reserved 1048576K
}

